make all --print-data-base --no-builtin-variables --no-builtin-rules --question
# GNU Make 4.2.1
# Built for x86_64-pc-linux-gnu
# Copyright (C) 1988-2016 Free Software Foundation, Inc.
# License GPLv3+: GNU GPL version 3 or later <http://gnu.org/licenses/gpl.html>
# This is free software: you are free to change and redistribute it.
# There is NO WARRANTY, to the extent permitted by law.

# Make data base, printed on Sun Jul 10 18:31:36 2022

# Variables

# automatic
<D = $(patsubst %/,%,$(dir $<))
# automatic
?F = $(notdir $?)
# environment
WSLENV = VSCODE_WSL_EXT_LOCATION/up
# default
.SHELLFLAGS := -c
# makefile (from 'Makefile', line 1)
INCLUDE_FOLDER = ./include/
# environment
VSCODE_LOG_NATIVE = false
# makefile (from 'Makefile', line 12)
TARGET = $(BIN_FOLDER)/TP2.exe
# automatic
?D = $(patsubst %/,%,$(dir $?))
# automatic
@D = $(patsubst %/,%,$(dir $@))
# automatic
@F = $(notdir $@)
# makefile
CURDIR := /home/leo/estrutura_de_dados/TP_3/TP
# makefile
SHELL = /bin/sh
# environment
VSCODE_NLS_CONFIG = {"locale":"pt-br","availableLanguages":{"*":"pt-br"},"_languagePackId":"195456cb6bc5e7dd989215cd334fb359.pt-br","_translationsConfigFile":"/home/leo/.vscode-server/data/clp/195456cb6bc5e7dd989215cd334fb359.pt-br/tcf.json","_cacheRoot":"/home/leo/.vscode-server/data/clp/195456cb6bc5e7dd989215cd334fb359.pt-br","_resolvedLanguagePackCoreLocation":"/home/leo/.vscode-server/data/clp/195456cb6bc5e7dd989215cd334fb359.pt-br/30d9c6cd9483b2cc586687151bcbcd635f373630","_corruptedFile":"/home/leo/.vscode-server/data/clp/195456cb6bc5e7dd989215cd334fb359.pt-br/corrupted.info","_languagePackSupport":true}
 
# environment
_ = /home/leo/.vscode-server/bin/30d9c6cd9483b2cc586687151bcbcd635f373630/node
# makefile (from 'Makefile', line 8)
CFLAGS = -pg -Wall -c -I$(INCLUDE_FOLDER)
# makefile (from 'Makefile', line 1)
MAKEFILE_LIST :=  Makefile
# 'override' directive
GNUMAKEFLAGS := 
# environment
XDG_DATA_DIRS = /usr/local/share:/usr/share:/var/lib/snapd/desktop
# environment
VSCODE_VERBOSE_LOGGING = true
# environment
VSCODE_CWD = /mnt/c/Users/leona/AppData/Local/Programs/Microsoft VS Code
# default
MAKE_HOST := x86_64-pc-linux-gnu
# makefile (from 'Makefile', line 14)
OBJ_FILES = $(OBJ_FOLDER)/TipoItem.o $(OBJ_FOLDER)/HashTable.o $(OBJ_FOLDER)/ArvoreBinaria.o $(OBJ_FOLDER)/Main.o
# environment
PATH = /home/leo/.vscode-server/bin/30d9c6cd9483b2cc586687151bcbcd635f373630/bin/remote-cli:/home/leo/otp/bin:/home/leo/.nix-profile/bin:/nix/var/nix/profiles/default/bin:/usr/local/sbin:/usr/local/bin:/usr/sbin:/usr/bin:/sbin:/bin:/usr/games:/usr/local/games:/usr/lib/wsl/lib:/mnt/c/Windows/system32:/mnt/c/Windows:/mnt/c/Windows/System32/Wbem:/mnt/c/Windows/System32/WindowsPowerShell/v1.0/:/mnt/c/Windows/System32/OpenSSH/:/mnt/c/Program Files/Git/cmd:/mnt/c/MinGW/bin:/mnt/c/Program Files/WireGuard/:/mnt/c/Program Files/nodejs/:/mnt/c/mingw/bin:/mnt/c/Program Files/Microsoft SQL Server/150/Tools/Binn/:/mnt/c/Program Files/Microsoft SQL Server/Client SDK/ODBC/170/Tools/Binn/:/mnt/c/Program Files/dotnet/:/mnt/c/Users/leona/AppData/Local/Microsoft/WindowsApps:/mnt/c/Users/leona/AppData/Local/Programs/Microsoft VS Code/bin:/mnt/c/Users/leona/AppData/Roaming/npm:/mnt/c/Users/leona/AppData/Local/Programs/mongosh/:/mnt/c/mingw/mingw32/bin:/mnt/c/Users/leona/.dotnet/tools:/mnt/c/Program Files/erl-24.3.3/bin:/snap/bin
# makefile (from 'Makefile', line 13)
HDR_FILES = $(INCLUDE_FOLDER)/TipoItem.hpp $(INCLUDE_FOLDER)/HashTable.hpp $(INCLUDE_FOLDER)/ArvoreBinaria.hpp
# environment
VSCODE_LOG_STACK = false
# environment
VSCODE_IPC_HOOK_CLI = /tmp/vscode-ipc-2df3f0bc-9fd7-4290-b4cf-c1da0ec48d85.sock
# default
.FEATURES := target-specific order-only second-expansion else-if shortest-stem undefine oneshell archives jobserver output-sync check-symlink load
# automatic
%F = $(notdir $%)
# environment
NIX_SSL_CERT_FILE = /etc/ssl/certs/ca-certificates.crt
# environment
VSCODE_PIPE_LOGGING = true
# environment
PWD = /home/leo/estrutura_de_dados/TP_3/TP
# default
.LOADED := 
# environment
WSL_INTEROP = /run/WSL/11_interop
# environment
VSCODE_AMD_ENTRYPOINT = vs/workbench/api/node/extensionHostProcess
# environment
HOME = /home/leo
# environment
LOGNAME = leo
# environment
APPLICATION_INSIGHTS_NO_DIAGNOSTIC_CHANNEL = 1
# environment
VSCODE_HANDLES_UNCAUGHT_ERRORS = true
# automatic
^D = $(patsubst %/,%,$(dir $^))
# environment
MAKELEVEL := 0
# default
MAKE = $(MAKE_COMMAND)
# makefile (from 'Makefile', line 4)
SRC_FOLDER = ./src/
# default
MAKECMDGOALS := all
# environment
SHLVL = 0
# environment
NIX_PROFILES = /nix/var/nix/profiles/default /home/leo/.nix-profile
# makefile (from 'Makefile', line 7)
CC = g++
# makefile (from 'Makefile', line 2)
BIN_FOLDER = ./bin/
# default
MAKE_VERSION := 4.2.1
# environment
USER = leo
# makefile
.DEFAULT_GOAL := all
# environment
NAME = LAPTOP-VIHC6PSO
# automatic
%D = $(patsubst %/,%,$(dir $%))
# environment
VSCODE_WSL_EXT_LOCATION = /mnt/c/Users/leona/.vscode/extensions/ms-vscode-remote.remote-wsl-0.66.3
# default
MAKE_COMMAND := make
# default
.VARIABLES := 
# automatic
*F = $(notdir $*)
# makefile
MAKEFLAGS = pqrR
# environment
MFLAGS = -pqrR
# automatic
*D = $(patsubst %/,%,$(dir $*))
# automatic
+D = $(patsubst %/,%,$(dir $+))
# automatic
+F = $(notdir $+)
# environment
VSCODE_HANDLES_SIGPIPE = true
# default
MAKEFILES := 
# automatic
<F = $(notdir $<)
# environment
LC_ALL = C
# environment
HOSTTYPE = x86_64
# makefile (from 'Makefile', line 9)
LIBS = -lm
# automatic
^F = $(notdir $^)
# default
SUFFIXES := 
# makefile (from 'Makefile', line 3)
OBJ_FOLDER = ./obj/
# default
.INCLUDE_DIRS = /usr/include /usr/local/include /usr/include
# default
.RECIPEPREFIX := 
# environment
LANG = C
# environment
TERM = xterm-256color
# environment
VSCODE_EXTHOST_WILL_SEND_SOCKET = true
# environment
WSL_DISTRO_NAME = Ubuntu
# environment
MOTD_SHOWN = update-motd
# variable set hash-table stats:
# Load=77/1024=8%, Rehash=0, Collisions=4/139=3%

# Pattern-specific Variable Values

# No pattern-specific variable values.

# Directories

# . (device 2064, inode 509617): 10 files, no impossibilities.

# 10 files, no impossibilities in 1 directories.

# Implicit Rules

# No implicit rules.

# Files

all: bin//TP2.exe
#  Command line target.
#  Implicit rule search has been done.
#  File does not exist.
#  File has been updated.
#  Needs to be updated (-q is set).
# variable set hash-table stats:
# Load=0/32=0%, Rehash=0, Collisions=0/8=0%

# Not a target:
include//TipoItem.hpp:
#  Implicit rule search has been done.
#  Last modified 2022-07-10 16:47:50.56
#  File has been updated.
#  Successfully updated.

# Not a target:
src//TipoItem.cpp:
#  Implicit rule search has been done.
#  Last modified 2022-07-10 15:27:36.82
#  File has been updated.
#  Successfully updated.

# Not a target:
src//Main.cpp:
#  Implicit rule search has not been done.
#  Modification time never checked.
#  File has not been updated.

obj//Main.o: src//Main.cpp
#  Implicit rule search has not been done.
#  Modification time never checked.
#  File has not been updated.
#  recipe to execute (from 'Makefile', line 22):
	$(CC) $(CFLAGS) -o $(OBJ_FOLDER)/Main.o $(SRC_FOLDER)/Main.cpp 

obj//ArvoreBinaria.o: include//TipoItem.hpp include//HashTable.hpp include//ArvoreBinaria.hpp src//ArvoreBinaria.cpp
#  Implicit rule search has not been done.
#  Modification time never checked.
#  File has not been updated.
#  recipe to execute (from 'Makefile', line 31):
	$(CC) $(CFLAGS) -o $(OBJ_FOLDER)/ArvoreBinaria.o $(SRC_FOLDER)/ArvoreBinaria.cpp

# Not a target:
.SUFFIXES:
#  Implicit rule search has not been done.
#  Modification time never checked.
#  File has not been updated.

# Not a target:
Makefile:
#  Implicit rule search has been done.
#  Last modified 2022-07-10 18:31:25.74
#  File has been updated.
#  Successfully updated.

obj//HashTable.o: include//TipoItem.hpp include//HashTable.hpp include//ArvoreBinaria.hpp src//HashTable.cpp
#  Implicit rule search has not been done.
#  Modification time never checked.
#  File has not been updated.
#  recipe to execute (from 'Makefile', line 28):
	$(CC) $(CFLAGS) -o $(OBJ_FOLDER)/HashTable.o $(SRC_FOLDER)/HashTable.cpp 

# Not a target:
.DEFAULT:
#  Implicit rule search has not been done.
#  Modification time never checked.
#  File has not been updated.

obj//TipoItem.o: include//TipoItem.hpp include//HashTable.hpp include//ArvoreBinaria.hpp src//TipoItem.cpp
#  Implicit rule search has not been done.
#  Implicit/static pattern stem: ''
#  Last modified 2022-07-10 18:28:01.54
#  File has been updated.
#  Needs to be updated (-q is set).
# automatic
# @ := obj//TipoItem.o
# automatic
# % := 
# automatic
# * := 
# automatic
# + := include//TipoItem.hpp include//HashTable.hpp include//ArvoreBinaria.hpp src//TipoItem.cpp
# automatic
# | := 
# automatic
# < := include//TipoItem.hpp
# automatic
# ^ := include//TipoItem.hpp include//HashTable.hpp include//ArvoreBinaria.hpp src//TipoItem.cpp
# automatic
# ? := include//HashTable.hpp
# variable set hash-table stats:
# Load=8/32=25%, Rehash=0, Collisions=1/16=6%
#  recipe to execute (from 'Makefile', line 25):
	$(CC) $(CFLAGS) -o $(OBJ_FOLDER)/TipoItem.o $(SRC_FOLDER)/TipoItem.cpp
	

bin//TP2.exe: obj//TipoItem.o obj//HashTable.o obj//ArvoreBinaria.o obj//Main.o
#  Implicit rule search has not been done.
#  Last modified 2022-07-10 18:28:04.56
#  File has been updated.
#  Needs to be updated (-q is set).
# variable set hash-table stats:
# Load=0/32=0%, Rehash=0, Collisions=0/8=0%
#  recipe to execute (from 'Makefile', line 19):
	$(CC) -o $(TARGET) $(LIBS) $(OBJ_FILES)

# Not a target:
include//ArvoreBinaria.hpp:
#  Implicit rule search has been done.
#  Last modified 2022-07-10 18:21:09.84
#  File has been updated.
#  Successfully updated.

# Not a target:
src//ArvoreBinaria.cpp:
#  Implicit rule search has not been done.
#  Modification time never checked.
#  File has not been updated.

clean:
#  Implicit rule search has not been done.
#  Modification time never checked.
#  File has not been updated.
#  recipe to execute (from 'Makefile', line 34):
	rm $(TARGET) $(OBJ_FILES) 

# Not a target:
include//HashTable.hpp:
#  Implicit rule search has been done.
#  Last modified 2022-07-10 18:28:52.81
 
#  File has been updated.
#  Successfully updated.

# Not a target:
src//HashTable.cpp:
#  Implicit rule search has not been done.
#  Modification time never checked.
#  File has not been updated.

# files hash-table stats:
# Load=17/1024=2%, Rehash=0, Collisions=2/52=4%
# VPATH Search Paths

# No 'vpath' search paths.

# No general ('VPATH' variable) search path.

# strcache buffers: 1 (0) / strings = 28 / storage = 345 B / avg = 12 B
# current buf: size = 8162 B / used = 345 B / count = 28 / avg = 12 B

# strcache performance: lookups = 52 / hit rate = 46%
# hash-table stats:
# Load=28/8192=0%, Rehash=0, Collisions=1/52=2%
# Finished Make data base on Sun Jul 10 18:31:36 2022

 
